make all --print-data-base --no-builtin-variables --no-builtin-rules --question
make: *** No rule to make target 'all'.  Stop.

# GNU Make 4.3
# Built for x86_64-pc-linux-gnu
# Copyright (C) 1988-2020 Free Software Foundation, Inc.
# License GPLv3+: GNU GPL version 3 or later <http://gnu.org/licenses/gpl.html>
# This is free software: you are free to change and redistribute it.
# There is NO WARRANTY, to the extent permitted by law.

# Make data base, printed on Mon May  9 16:58:26 2022

# Variables

# makefile (from 'Makefile', line 33)
OBJ = $(shell echo $(AUX) | sed -r 's/.cc/.o/g' | sed -r 's/$(OBJSRC)/$(OBJDIR)/g')
# environment
GDK_BACKEND = x11
# environment
LC_ALL = C
# environment
GTK_RC_FILES = /etc/gtk/gtkrc:/home/themaster/.gtkrc:/home/themaster/.config/gtkrc
# makefile (from 'Makefile', line 13)
OBJDIR = build
# environment
SNAP_INSTANCE_KEY = 
# makefile (from 'Makefile', line 19)
OBJSRC = src
# makefile (from 'Makefile', line 10)
BINDIR = bin
# environment
VSCODE_IPC_HOOK_EXTHOST = /run/user/1000/vscode-ipc-bcc7bc31-0eee-4ba9-968f-7673b5098797.sock
# environment
LC_NAME = es_ES.UTF-8
# environment
LC_NUMERIC = es_ES.UTF-8
# environment
VSCODE_CWD = /home/themaster
# makefile (from 'Makefile', line 32)
AUX = $(OBJSRC)/*.cc
# environment
LC_ADDRESS = es_ES.UTF-8
# default
MAKE_COMMAND := make
# environment
QT_ACCESSIBILITY = 1
# makefile (from 'Makefile', line 16)
DEPSSRC = include
# automatic
@D = $(patsubst %/,%,$(dir $@))
# environment
SNAP_INSTANCE_NAME = code
# environment
GDK_PIXBUF_MODULEDIR = /snap/code/95/usr/lib/x86_64-linux-gnu/gdk-pixbuf-2.0/2.10.0/loaders
# environment
VSCODE_HANDLES_UNCAUGHT_ERRORS = true
# default
.VARIABLES := 
# environment
PWD = /home/themaster/Documentos/2nd_year_AEDA/p06_balanced_binary_tree
# automatic
%D = $(patsubst %/,%,$(dir $%))
# environment
XDG_DATA_DIRS = /usr/share/plasma:/usr/share/gnome:/usr/local/share:/usr/share:/var/lib/snapd/desktop
# automatic
^D = $(patsubst %/,%,$(dir $^))
# environment
VSCODE_LOG_STACK = false
# automatic
%F = $(notdir $%)
# environment
VSCODE_CODE_CACHE_PATH = /home/themaster/.config/Code/CachedData/57fd6d0195bb9b9d1b49f6da5db789060795de47
# environment
XDG_SESSION_PATH = /org/freedesktop/DisplayManager/Session1
# environment
LANG = C
# environment
XAUTHORITY = /home/themaster/.Xauthority
# default
.LOADED := 
# default
.INCLUDE_DIRS = /usr/local/include /usr/include /usr/include
# makefile
MAKEFLAGS = pqrR
# makefile
CURDIR := /home/themaster/Documentos/2nd_year_AEDA/p06_balanced_binary_tree
# environment
VSCODE_PIPE_LOGGING = true
# environment
APPLICATION_INSIGHTS_NO_DIAGNOSTIC_CHANNEL = 1
# environment
LESSOPEN = | /usr/bin/lesspipe %s
# automatic
*D = $(patsubst %/,%,$(dir $*))
# environment
PAM_KWALLET5_LOGIN = /run/user/1000/kwallet5.socket
# environment
MFLAGS = -pqrR
# environment
SSH_AUTH_SOCK = /tmp/ssh-XXXXXX9qVrDN/agent.1520
# default
.SHELLFLAGS := -c
# environment
XDG_CONFIG_DIRS = /home/themaster/.config/kdedefaults:/etc/xdg/xdg-plasma:/etc/xdg
# automatic
+D = $(patsubst %/,%,$(dir $+))
# environment
XCURSOR_THEME = breeze_cursors
# environment
XDG_SESSION_DESKTOP = KDE
# makefile (from 'Makefile', line 1)
MAKEFILE_LIST := Makefile
# environment
SNAP_REEXEC = 
# automatic
@F = $(notdir $@)
# environment
VSCODE_VERBOSE_LOGGING = true
# environment
VSCODE_PID = 2229
# environment
XDG_SESSION_TYPE = x11
# automatic
?D = $(patsubst %/,%,$(dir $?))
# environment
BAMF_DESKTOP_FILE_HINT = /var/lib/snapd/desktop/applications/code_code.desktop
# environment
SESSION_MANAGER = local/Fenix:@/tmp/.ICE-unix/1900,unix/Fenix:/tmp/.ICE-unix/1900
# makefile (from 'Makefile', line 7)
EJECUTABLE = balanced_binary_tree
# automatic
*F = $(notdir $*)
# environment
CHROME_DESKTOP = code-url-handler.desktop
# environment
DBUS_SESSION_BUS_ADDRESS = unix:path=/run/user/1000/bus
# automatic
<D = $(patsubst %/,%,$(dir $<))
# environment
VSCODE_NLS_CONFIG = {"locale":"es","availableLanguages":{"*":"es"},"_languagePackId":"16468021c5e76390b081b2c772725871.es","_translationsConfigFile":"/home/themaster/.config/Code/clp/16468021c5e76390b081b2c772725871.es/tcf.json","_cacheRoot":"/home/themaster/.config/Code/clp/16468021c5e76390b081b2c772725871.es","_resolvedLanguagePackCoreLocation":"/home/themaster/.config/Code/clp/16468021c5e76390b081b2c772725871.es/57fd6d0195bb9b9d1b49f6da5db789060795de47","_corruptedFile":"/home/themaster/.config/Code/clp/16468021c5e76390b081b2c772725871.es/corrupted.info","_languagePackSupport":true}
# default
MAKE_HOST := x86_64-pc-linux-gnu
# makefile
SHELL = /bin/sh
# default
MAKECMDGOALS := all
# environment
XMODIFIERS = @im=ibus
# makefile (from 'Makefile', line 28)
DEPSCPY = $(DEPS)
# environment
SHLVL = 0
# environment
MAKELEVEL := 0
# default
MAKE = $(MAKE_COMMAND)
# environment
SNAP_COOKIE = PRfI_RZqYwhKj3mP-CADXCuVtfLvYgvOIXS8l7Y4HEnDH1jX_1JB
# environment
PATH = /usr/local/sbin:/usr/local/bin:/usr/sbin:/usr/bin:/sbin:/bin:/usr/games:/usr/local/games:/snap/bin
# default
MAKEFILES := 
# environment
LANGUAGE = es:en_US:en
# environment
LC_MONETARY = es_ES.UTF-8
# automatic
^F = $(notdir $^)
# environment
SNAP_USER_COMMON = /home/themaster/snap/code/common
# environment
LC_TIME = es_ES.UTF-8
# environment
SNAP = /snap/code/95
# environment
SNAP_REVISION = 95
# environment
SNAP_REAL_HOME = /home/themaster
# environment
VSCODE_LOG_NATIVE = false
# environment
LC_TELEPHONE = es_ES.UTF-8
# environment
LESSCLOSE = /usr/bin/lesspipe %s %s
# automatic
?F = $(notdir $?)
# environment
KDE_APPLICATIONS_AS_SCOPE = 1
# environment
XDG_SEAT = seat0
# environment
GTK_IM_MODULE = ibus
# environment
XDG_CURRENT_DESKTOP = KDE
# environment
LS_COLORS = 
# automatic
+F = $(notdir $+)
# environment
XDG_SEAT_PATH = /org/freedesktop/DisplayManager/Seat0
# environment
DESKTOP_SESSION = plasma
# environment
ORIGINAL_XDG_CURRENT_DESKTOP = KDE
# 'override' directive
GNUMAKEFLAGS := 
# environment
CLUTTER_IM_MODULE = ibus
# environment
LOGNAME = themaster
# environment
SNAP_ARCH = amd64
# environment
XDG_VTNR = 1
# makefile
.DEFAULT_GOAL := bin/balanced_binary_tree
# environment
SYSTEMD_EXEC_PID = 1454
# environment
DISPLAY = :0
# environment
USER = themaster
# environment
GTK_MODULES = gail:atk-bridge
# default
MAKE_VERSION := 4.3
# environment
KDE_SESSION_UID = 1000
# 'override' directive
.SHELLSTATUS := 0
# environment
DISABLE_WAYLAND = 1
# environment
SNAP_DATA = /var/snap/code/95
# environment
SNAP_CONTEXT = PRfI_RZqYwhKj3mP-CADXCuVtfLvYgvOIXS8l7Y4HEnDH1jX_1JB
# environment
LC_MEASUREMENT = es_ES.UTF-8
# environment
SSH_AGENT_PID = 1620
# environment
_ = /snap/code/95/usr/share/code/code
# environment
LC_PAPER = es_ES.UTF-8
# environment
XDG_RUNTIME_DIR = /run/user/1000
# makefile (from 'Makefile', line 4)
CFLAGS = -I -g -std=c++20 -Wall -Wextra -Wpedantic -Weffc++ 
# environment
GPG_AGENT_INFO = /run/user/1000/gnupg/S.gpg-agent:0:1
# environment
GDK_PIXBUF_MODULE_FILE = /home/themaster/snap/code/common/.cache/gdk-pixbuf-loaders.cache
# environment
XDG_SESSION_CLASS = user
# environment
VSCODE_AMD_ENTRYPOINT = vs/workbench/api/node/extensionHostProcess
# environment
GTK2_RC_FILES = /etc/gtk-2.0/gtkrc:/home/themaster/.gtkrc-2.0:/home/themaster/.config/gtkrc-2.0
# environment
HOME = /home/themaster
# environment
QT_IM_MODULE = ibus
# environment
ELECTRON_RUN_AS_NODE = 1
# environment
VSCODE_IPC_HOOK = /run/user/1000/vscode-9b8d5325-1.67.0-main.sock
# environment
SNAP_NAME = code
# environment
GSETTINGS_SCHEMA_DIR = /snap/code/95/usr/share/glib-2.0/schemas
# environment
XDG_SESSION_ID = 3
# environment
XCURSOR_SIZE = 24
# environment
PAPERSIZE = a4
# default
.RECIPEPREFIX := 
# automatic
<F = $(notdir $<)
# makefile (from 'Makefile', line 27)
 
DEPS = $(DEPSSRC)/*.h
# environment
SNAP_VERSION = 57fd6d01
# default
SUFFIXES := 
# environment
QT_AUTO_SCREEN_SCALE_FACTOR = 0
# environment
VSCODE_CLI = 1
# environment
ELECTRON_NO_ATTACH_CONSOLE = 1
# environment
SNAP_COMMON = /var/snap/code/common
# environment
KDE_SESSION_VERSION = 5
# default
.FEATURES := target-specific order-only second-expansion else-if shortest-stem undefine oneshell nocomment grouped-target extra-prereqs archives jobserver output-sync check-symlink load
# makefile (from 'Makefile', line 2)
CC = g++
# environment
KDE_FULL_SESSION = true
# environment
SNAP_USER_DATA = /home/themaster/snap/code/95
# environment
LC_IDENTIFICATION = es_ES.UTF-8
# environment
SNAP_LIBRARY_PATH = /var/lib/snapd/lib/gl:/var/lib/snapd/lib/gl32:/var/lib/snapd/void
# variable set hash-table stats:
# Load=147/1024=14%, Rehash=0, Collisions=10/190=5%

# Pattern-specific Variable Values

# No pattern-specific variable values.

# Directories

# include (device 2051, inode 932369): 6 files, no impossibilities.
# src (device 2051, inode 932374): No files, no impossibilities so far.
# . (device 2051, inode 932357): 8 files, no impossibilities.

# 14 files, no impossibilities in 3 directories.

# Implicit Rules

build/%.o: src/%.cc include/AB.h include/ABE.h include/NodoB.h include/main_functions.h
#  recipe to execute (from 'Makefile', line 37):
	$(CC) $(CFLAGS) -c -o $@ $<

# 1 implicit rules, 0 (0.0%) terminal.
# Files

# Not a target:
build/main_balanced_binary_tree.o:
#  Implicit rule search has not been done.
#  Modification time never checked.
#  File has not been updated.

# Not a target:
build/ABE.o:
#  Implicit rule search has not been done.
#  Modification time never checked.
#  File has not been updated.

# Not a target:
Makefile:
#  Implicit rule search has been done.
#  Last modified 2022-05-09 01:09:51.209876969
#  File has been updated.
#  Successfully updated.

# Not a target:
build/NodoB.o:
#  Implicit rule search has not been done.
#  Modification time never checked.
#  File has not been updated.

clean:
#  Implicit rule search has not been done.
#  Modification time never checked.
#  File has not been updated.
#  recipe to execute (from 'Makefile', line 48):
	rm -rf $(OBJDIR)/*.o

template:
#  Implicit rule search has not been done.
#  Modification time never checked.
#  File has not been updated.
#  recipe to execute (from 'Makefile', line 54):
	mkdir $(BINDIR)
	mkdir $(OBJDIR)
	mkdir $(DEPSSRC)
	mkdir $(OBJSRC)
	@echo "Plantilla creada correctamente"

# Not a target:
build/main_functions.o:
#  Implicit rule search has not been done.
#  Modification time never checked.
#  File has not been updated.

cleaner:
#  Implicit rule search has not been done.
#  Modification time never checked.
#  File has not been updated.
#  recipe to execute (from 'Makefile', line 51):
	rm -rf $(BINDIR)/*

# Not a target:
.DEFAULT:
#  Implicit rule search has not been done.
#  Modification time never checked.
#  File has not been updated.

# Not a target:
all:
#  Command line target.
#  Implicit rule search has been done.
#  File does not exist.
#  File has not been updated.

show:
#  Implicit rule search has not been done.
#  Modification time never checked.
#  File has not been updated.
#  recipe to execute (from 'Makefile', line 61):
	@echo $(AUX)
	@echo $(OBJ)
	@echo $(DEPSCPY)

# Not a target:
build/AB.o:
#  Implicit rule search has not been done.
#  Modification time never checked.
#  File has not been updated.

bin/balanced_binary_tree: build/AB.o build/ABE.o build/NodoB.o build/main_balanced_binary_tree.o build/main_functions.o
#  Implicit rule search has not been done.
#  Modification time never checked.
#  File has not been updated.
#  recipe to execute (from 'Makefile', line 40):
	$(CC) $(CFLAGS) -o $@ $^
	@echo ""
	@echo ARCHIVOS .o: $(OBJ)
	@echo ARCHIVOS .h: $(DEPSCPY)
	@echo ""

# files hash-table stats:
# Load=14/1024=1%, Rehash=0, Collisions=0/29=0%
# VPATH Search Paths

# No 'vpath' search paths.

# No general ('VPATH' variable) search path.

# strcache buffers: 1 (0) / strings = 33 / storage = 369 B / avg = 11 B
# current buf: size = 8162 B / used = 369 B / count = 33 / avg = 11 B

# strcache performance: lookups = 46 / hit rate = 28%
# hash-table stats:
# Load=33/8192=0%, Rehash=0, Collisions=0/46=0%
# Finished Make data base on Mon May  9 16:58:26 2022

 
