make all --print-data-base --no-builtin-variables --no-builtin-rules --question
make: *** No rule to make target 'all'.  Stop.
 
# GNU Make 4.2.1
# Built for x86_64-pc-linux-gnu
# Copyright (C) 1988-2016 Free Software Foundation, Inc.
# License GPLv3+: GNU GPL version 3 or later <http://gnu.org/licenses/gpl.html>
# This is free software: you are free to change and redistribute it.
# There is NO WARRANTY, to the extent permitted by law.

# Make data base, printed on Sun Mar 20 23:05:36 2022

# Variables

# automatic
<D = $(patsubst %/,%,$(dir $<))
# automatic
?F = $(notdir $?)
# environment
DESKTOP_SESSION = plasma
# default
.SHELLFLAGS := -c
# makefile (from 'Makefile', line 29)
OBJ = main_functions.o Cell.o Grid.o State.o StateDead.o StateEgg.o StateLarva.o StatePupa.o StateAdult.o main_cycle_life.o
# environment
XDG_SESSION_CLASS = user
# environment
SNAP_COMMON = /var/snap/code/common
# environment
XDG_SESSION_TYPE = x11
# environment
VSCODE_LOG_NATIVE = false
# automatic
?D = $(patsubst %/,%,$(dir $?))
# automatic
@D = $(patsubst %/,%,$(dir $@))
# environment
XAUTHORITY = /home/themaster/.Xauthority
# automatic
@F = $(notdir $@)
# default
MAKE_VERSION := 4.2.1
# makefile
CURDIR := /home/themaster/Documentos/2nd_year_AEDA/p02_cycle_life
# makefile
SHELL = /bin/sh
# environment
SNAP_DATA = /var/snap/code/91
# environment
VSCODE_NLS_CONFIG = {"locale":"es","availableLanguages":{"*":"es"},"_languagePackId":"38d6863bc8bac5cd479824798eb9b71e.es","_translationsConfigFile":"/home/themaster/.config/Code/clp/38d6863bc8bac5cd479824798eb9b71e.es/tcf.json","_cacheRoot":"/home/themaster/.config/Code/clp/38d6863bc8bac5cd479824798eb9b71e.es","_resolvedLanguagePackCoreLocation":"/home/themaster/.config/Code/clp/38d6863bc8bac5cd479824798eb9b71e.es/c722ca6c7eed3d7987c0d5c3df5c45f6b15e77d1","_corruptedFile":"/home/themaster/.config/Code/clp/38d6863bc8bac5cd479824798eb9b71e.es/corrupted.info","_languagePackSupport":true}
# environment
_ = /snap/code/91/usr/share/code/code
# environment
QT_AUTO_SCREEN_SCALE_FACTOR = 0
# makefile (from 'Makefile', line 27)
CFLAGS = -I -g -std=c++17 -Wall -Weffc++ -Wextra -Wpedantic -Werror
# environment
XDG_CONFIG_DIRS = /etc/xdg/xdg-plasma:/etc/xdg
# environment
SNAP_INSTANCE_NAME = code
# environment
SNAP_ARCH = amd64
# makefile (from 'Makefile', line 1)
MAKEFILE_LIST :=  Makefile
# 'override' directive
GNUMAKEFLAGS := 
# environment
XDG_DATA_DIRS = /usr/share/plasma:/usr/local/share:/usr/share:/var/lib/snapd/desktop
# environment
DBUS_SESSION_BUS_ADDRESS = unix:path=/run/user/1000/bus
# environment
VSCODE_VERBOSE_LOGGING = true
# environment
LESSOPEN = | /usr/bin/lesspipe %s
# environment
VSCODE_CWD = /home/themaster
# environment
PAM_KWALLET5_LOGIN = /run/user/1000/kwallet5.socket
# environment
XDG_SESSION_PATH = /org/freedesktop/DisplayManager/Session1
# environment
GSETTINGS_SCHEMA_DIR = /snap/code/91/usr/share/glib-2.0/schemas
# default
MAKE_HOST := x86_64-pc-linux-gnu
# environment
PATH = /usr/local/sbin:/usr/local/bin:/usr/sbin:/usr/bin:/sbin:/bin:/usr/games:/usr/local/games:/snap/bin
# environment
GPG_AGENT_INFO = /run/user/1000/gnupg/S.gpg-agent:0:1
# environment
XCURSOR_THEME = breeze_cursors
# environment
SESSION_MANAGER = local/themaster-VirtualBox:@/tmp/.ICE-unix/1381,unix/themaster-VirtualBox:/tmp/.ICE-unix/1381
# environment
XDG_RUNTIME_DIR = /run/user/1000
# environment
GDK_PIXBUF_MODULE_FILE = /home/themaster/snap/code/common/.cache/gdk-pixbuf-loaders.cache
# environment
SNAP = /snap/code/91
# environment
SNAP_VERSION = c722ca6c
# environment
VSCODE_LOG_STACK = false
# environment
DISABLE_WAYLAND = 1
# environment
ELECTRON_RUN_AS_NODE = 1
# environment
GDK_PIXBUF_MODULEDIR = /snap/code/91/usr/lib/x86_64-linux-gnu/gdk-pixbuf-2.0/2.10.0/loaders
# default
.FEATURES := target-specific order-only second-expansion else-if shortest-stem undefine oneshell archives jobserver output-sync check-symlink load
# environment
LS_COLORS = 
# environment
XDG_SESSION_DESKTOP = KDE
# environment
SSH_AUTH_SOCK = /tmp/ssh-PkzQBMdGMg02/agent.1211
# automatic
%F = $(notdir $%)
# environment
DISPLAY = :0
# environment
VSCODE_PIPE_LOGGING = true
# environment
SNAP_INSTANCE_KEY = 
# environment
PWD = /home/themaster/Documentos/2nd_year_AEDA/p02_cycle_life
# environment
KDE_SESSION_VERSION = 5
# default
.LOADED := 
# environment
XDG_SEAT = seat0
# environment
SSH_AGENT_PID = 1296
# environment
ORIGINAL_XDG_CURRENT_DESKTOP = KDE
# environment
GTK_MODULES = gail:atk-bridge
# environment
VSCODE_AMD_ENTRYPOINT = vs/workbench/api/node/extensionHostProcess
# environment
HOME = /home/themaster
# environment
LESSCLOSE = /usr/bin/lesspipe %s %s
# environment
VSCODE_CLI = 1
# environment
VSCODE_CODE_CACHE_PATH = /home/themaster/.config/Code/CachedData/c722ca6c7eed3d7987c0d5c3df5c45f6b15e77d1
# environment
LOGNAME = themaster
# environment
APPLICATION_INSIGHTS_NO_DIAGNOSTIC_CHANNEL = 1
# environment
SNAP_LIBRARY_PATH = /var/lib/snapd/lib/gl:/var/lib/snapd/lib/gl32:/var/lib/snapd/void
# environment
SNAP_CONTEXT = nZXWS0PpnyDsgGrOv7lqdlO1KpOBNvf1GmbhnQH-Swfx5SaYv885
# environment
KDE_FULL_SESSION = true
# environment
ELECTRON_NO_ATTACH_CONSOLE = 1
# environment
SNAP_USER_COMMON = /home/themaster/snap/code/common
# environment
VSCODE_HANDLES_UNCAUGHT_ERRORS = true
# automatic
^D = $(patsubst %/,%,$(dir $^))
# environment
XDG_VTNR = 1
# environment
MAKELEVEL := 0
# environment
SNAP_REAL_HOME = /home/themaster
# default
MAKE = $(MAKE_COMMAND)
# default
MAKECMDGOALS := all
# environment
SNAP_USER_DATA = /home/themaster/snap/code/91
# environment
SHLVL = 0
# makefile (from 'Makefile', line 26)
CC = g++
# environment
VSCODE_IPC_HOOK_EXTHOST = /run/user/1000/vscode-ipc-3ea9d513-c6fa-4bd5-a3d1-092c9476dbce.sock
# environment
XDG_SESSION_ID = 3
# environment
USER = themaster
# environment
SNAP_REVISION = 91
# makefile
.DEFAULT_GOAL := cycle_life
# environment
XDG_CURRENT_DESKTOP = KDE
# automatic
%D = $(patsubst %/,%,$(dir $%))
# default
MAKE_COMMAND := make
# default
.VARIABLES := 
# automatic
*F = $(notdir $*)
# environment
LANGUAGE = 
# environment
XDG_SEAT_PATH = /org/freedesktop/DisplayManager/Seat0
# environment
VSCODE_IPC_HOOK = /run/user/1000/vscode-9b8d5325-1.65.2-main.sock
# environment
BAMF_DESKTOP_FILE_HINT = /var/lib/snapd/desktop/applications/code_code.desktop
# makefile
MAKEFLAGS = pqrR
# environment
MFLAGS = -pqrR
# automatic
*D = $(patsubst %/,%,$(dir $*))
# automatic
+D = $(patsubst %/,%,$(dir $+))
# environment
GDK_BACKEND = x11
# automatic
+F = $(notdir $+)
# environment
QT_ACCESSIBILITY = 1
# default
MAKEFILES := 
# environment
SNAP_COOKIE = nZXWS0PpnyDsgGrOv7lqdlO1KpOBNvf1GmbhnQH-Swfx5SaYv885
# automatic
<F = $(notdir $<)
# environment
SNAP_NAME = code
# environment
LC_ALL = C
# automatic
^F = $(notdir $^)
# makefile (from 'Makefile', line 28)
DEPS = main_functions.h Cell.h Grid.h State.h StateDead.h StateEgg.h StateLarva.h StatePupa.h StateAdult.h
# default
SUFFIXES := 
# environment
SNAP_REEXEC = 
# environment
CHROME_DESKTOP = code-url-handler.desktop
# default
.INCLUDE_DIRS = /usr/include /usr/local/include /usr/include
# default
.RECIPEPREFIX := 
# environment
LANG = C
# environment
VSCODE_PID = 1681
# environment
KDE_SESSION_UID = 1000
# variable set hash-table stats:
# Load=120/1024=12%, Rehash=0, Collisions=13/147=9%

# Pattern-specific Variable Values

# No pattern-specific variable values.

# Directories

# . (device 2053, inode 2383897): 24 files, no impossibilities.

# 24 files, no impossibilities in 1 directories.

# Implicit Rules

%.o: %.cc main_functions.h Cell.h Grid.h State.h StateDead.h StateEgg.h StateLarva.h StatePupa.h StateAdult.h
#  recipe to execute (from 'Makefile', line 32):
	$(CC) $(CFLAGS) -c -o $@ $<

# 1 implicit rules, 0 (0.0%) terminal.

# Files

# Not a target:
Grid.o:
#  Implicit rule search has not been done.
#  Modification time never checked.
#  File has not been updated.

# Not a target:
all:
#  Command line target.
#  Implicit rule search has been done.
#  File does not exist.
#  File has not been updated.

# Not a target:
 
main_cycle_life.o:
#  Implicit rule search has not been done.
#  Modification time never checked.
#  File has not been updated.

# Not a target:
StateDead.o:
#  Implicit rule search has not been done.
#  Modification time never checked.
#  File has not been updated.

# Not a target:
Cell.o:
#  Implicit rule search has not been done.
#  Modification time never checked.
#  File has not been updated.

# Not a target:
main_functions.o:
#  Implicit rule search has not been done.
#  Modification time never checked.
#  File has not been updated.

# Not a target:
Makefile:
#  Implicit rule search has been done.
#  Last modified 2022-03-15 18:00:42.943227733
#  File has been updated.
#  Successfully updated.

# Not a target:
StateEgg.o:
#  Implicit rule search has not been done.
#  Modification time never checked.
#  File has not been updated.

# Not a target:
.DEFAULT:
#  Implicit rule search has not been done.
#  Modification time never checked.
#  File has not been updated.

# Not a target:
StateLarva.o:
#  Implicit rule search has not been done.
#  Modification time never checked.
#  File has not been updated.

cycle_life: main_functions.o Cell.o Grid.o State.o StateDead.o StateEgg.o StateLarva.o StatePupa.o StateAdult.o main_cycle_life.o
#  Implicit rule search has not been done.
#  Modification time never checked.
#  File has not been updated.
#  recipe to execute (from 'Makefile', line 35):
	$(CC) $(CFLAGS) -o $@ $^

clean:
#  Implicit rule search has not been done.
#  Modification time never checked.
#  File has not been updated.
#  recipe to execute (from 'Makefile', line 38):
	rm -rf *.o

# Not a target:
StatePupa.o:
#  Implicit rule search has not been done.
#  Modification time never checked.
#  File has not been updated.

# Not a target:
State.o:
#  Implicit rule search has not been done.
#  Modification time never checked.
#  File has not been updated.

# Not a target:
StateAdult.o:
#  Implicit rule search has not been done.
#  Modification time never checked.
#  File has not been updated.

# files hash-table stats:
# Load=16/1024=2%, Rehash=0, Collisions=0/36=0%
# VPATH Search Paths

# No 'vpath' search paths.

# No general ('VPATH' variable) search path.

# strcache buffers: 1 (0) / strings = 42 / storage = 449 B / avg = 10 B
# current buf: size = 8162 B / used = 449 B / count = 42 / avg = 10 B

# strcache performance: lookups = 58 / hit rate = 27%
# hash-table stats:
# Load=42/8192=1%, Rehash=0, Collisions=1/58=2%
# Finished Make data base on Sun Mar 20 23:05:36 2022

 
