make all --print-data-base --no-builtin-variables --no-builtin-rules --question
make: *** No rule to make target 'all'.  Stop.
 
# GNU Make 4.2.1
# Built for x86_64-pc-linux-gnu
# Copyright (C) 1988-2016 Free Software Foundation, Inc.
# License GPLv3+: GNU GPL version 3 or later <http://gnu.org/licenses/gpl.html>
# This is free software: you are free to change and redistribute it.
# There is NO WARRANTY, to the extent permitted by law.

# Make data base, printed on Tue Nov 16 00:29:45 2021

# Variables

# automatic
<D = $(patsubst %/,%,$(dir $<))
# automatic
?F = $(notdir $?)
# default
.SHELLFLAGS := -c
# makefile (from 'Makefile', line 29)
OBJ = main_dfa_simulator.o alphabet.o chain.o dfa.o set_status.o symbol.o trans_func.o
# environment
XDG_SESSION_CLASS = user
# environment
VSCODE_AGENT_FOLDER = /home/usuario/.vscode-server
# environment
XDG_SESSION_TYPE = tty
# environment
VSCODE_LOG_NATIVE = false
# automatic
?D = $(patsubst %/,%,$(dir $?))
# automatic
@D = $(patsubst %/,%,$(dir $@))
# automatic
@F = $(notdir $@)
# default
MAKE_VERSION := 4.2.1
# makefile
CURDIR := /home/usuario/2nd_year_CyA/p06_dfa_simulator
# makefile
SHELL = /bin/sh
# environment
VSCODE_NLS_CONFIG = {"locale":"en","availableLanguages":{}}
# environment
_ = /home/usuario/.vscode-server/bin/3a6960b964327f0e3882ce18fcebd07ed191b316/node
# makefile (from 'Makefile', line 27)
CFLAGS = -I -Weffc++ -Wall -g
# makefile (from 'Makefile', line 1)
MAKEFILE_LIST :=  Makefile
# 'override' directive
GNUMAKEFLAGS := 
# environment
MAKELEVEL := 0
# environment
XDG_DATA_DIRS = /usr/local/share:/usr/share:/var/lib/snapd/desktop
# environment
DBUS_SESSION_BUS_ADDRESS = unix:path=/run/user/1000/bus
# environment
VSCODE_VERBOSE_LOGGING = true
# environment
LESSOPEN = | /usr/bin/lesspipe %s
# environment
LC_NAME = C.UTF-8
# environment
VSCODE_CWD = /home/usuario
# environment
SSH_CONNECTION = 10.20.50.79 44266 10.6.129.155 22
# environment
PATH = /home/usuario/.vscode-server/bin/3a6960b964327f0e3882ce18fcebd07ed191b316/bin:/home/usuario/.vscode-server/bin/3a6960b964327f0e3882ce18fcebd07ed191b316/bin:/usr/local/sbin:/usr/local/bin:/usr/sbin:/usr/bin:/sbin:/bin:/usr/games:/usr/local/games:/snap/bin
# environment
XDG_RUNTIME_DIR = /run/user/1000
# environment
VSCODE_LOG_STACK = false
# environment
LC_NUMERIC = C.UTF-8
# environment
VSCODE_IPC_HOOK_CLI = /run/user/1000/vscode-ipc-dbd67315-5192-4c2b-bb3b-36b98a13642d.sock
# default
.FEATURES := target-specific order-only second-expansion else-if shortest-stem undefine oneshell archives jobserver output-sync check-symlink load
# environment
LS_COLORS = 
# automatic
%F = $(notdir $%)
# environment
VSCODE_PIPE_LOGGING = true
# environment
PWD = /home/usuario/2nd_year_CyA/p06_dfa_simulator
# default
.LOADED := 
# automatic
*D = $(patsubst %/,%,$(dir $*))
# environment
VSCODE_AMD_ENTRYPOINT = vs/server/remoteExtensionHostProcess
# environment
HOME = /home/usuario
# environment
LESSCLOSE = /usr/bin/lesspipe %s %s
# environment
LOGNAME = usuario
# environment
APPLICATION_INSIGHTS_NO_DIAGNOSTIC_CHANNEL = true
# automatic
+F = $(notdir $+)
# environment
VSCODE_HANDLES_UNCAUGHT_ERRORS = true
# automatic
^D = $(patsubst %/,%,$(dir $^))
# environment
LC_TIME = C.UTF-8
# default
MAKE = $(MAKE_COMMAND)
# default
MAKECMDGOALS := all
# environment
SHLVL = 1
# makefile (from 'Makefile', line 26)
CC = g++
# environment
XDG_SESSION_ID = 427
# environment
USER = usuario
# environment
LC_MONETARY = C.UTF-8
# makefile
.DEFAULT_GOAL := main_dfa_simulator
# automatic
%D = $(patsubst %/,%,$(dir $%))
# environment
LC_TELEPHONE = C.UTF-8
# default
MAKE_COMMAND := make
# default
.VARIABLES := 
# automatic
*F = $(notdir $*)
# makefile
MAKEFLAGS = pqrR
# environment
MFLAGS = -pqrR
# environment
SSH_CLIENT = 10.20.50.79 44266 22
# automatic
+D = $(patsubst %/,%,$(dir $+))
# environment
BROWSER = /home/usuario/.vscode-server/bin/3a6960b964327f0e3882ce18fcebd07ed191b316/bin/helpers/browser.sh
# environment
LC_IDENTIFICATION = C.UTF-8
# default
MAKEFILES := 
# automatic
<F = $(notdir $<)
# automatic
^F = $(notdir $^)
# environment
LC_MEASUREMENT = C.UTF-8
# environment
LC_ALL = C
# environment
LC_PAPER = C.UTF-8
# makefile (from 'Makefile', line 28)
DEPS = alphabet.h chain.h dfa.h set_status.h symbol.h trans_func.h
# default
SUFFIXES := 
# default
.INCLUDE_DIRS = /usr/include /usr/local/include /usr/include
# environment
VSCODE_INJECT_NODE_MODULE_LOOKUP_PATH = /home/usuario/.vscode-server/bin/3a6960b964327f0e3882ce18fcebd07ed191b316/remote/node_modules
# default
.RECIPEPREFIX := 
# environment
LC_ADDRESS = C.UTF-8
# default
MAKE_HOST := x86_64-pc-linux-gnu
# environment
LANG = C
# environment
VSCODE_EXTHOST_WILL_SEND_SOCKET = true
# environment
MOTD_SHOWN = pam
# variable set hash-table stats:
# Load=83/1024=8%, Rehash=0, Collisions=16/110=15%

# Pattern-specific Variable Values

# No pattern-specific variable values.

# Directories

# . (device 64768, inode 658017): 22 files, no impossibilities.

# 22 files, no impossibilities in 1 directories.

# Implicit Rules

%.o: %.cc alphabet.h chain.h dfa.h set_status.h symbol.h trans_func.h
#  recipe to execute (from 'Makefile', line 32):
		$(CC) -c -o $@ $< $(CFLAGS)

# 1 implicit rules, 0 (0.0%) terminal.

# Files

# Not a target:
symbol.o:
#  Implicit rule search has not been done.
#  Modification time never checked.
#  File has not been updated.

# Not a target:
set_status.o:
#  Implicit rule search has not been done.
#  Modification time never checked.
#  File has not been updated.

# Not a target:
all:
#  Command line target.
#  Implicit rule search has been done.
#  File does not exist.
#  File has not been updated.

# Not a target:
Makefile:
#  Implicit rule search has been done.
#  Last modified 2021-11-06 16:43:16.487633084
#  File has been updated.
#  Successfully updated.

# Not a target:
alphabet.o:
#  Implicit rule search has not been done.
#  Modification time never checked.
#  File has not been updated.

# Not a target:
dfa.o:
#  Implicit rule search has not been done.
#  Modification time never checked.
#  File has not been updated.

# Not a target:
chain.o:
#  Implicit rule search has not been done.
#  Modification time never checked.
#  File has not been updated.

# Not a target:
main_dfa_simulator.o:
#  Implicit rule search has not been done.
#  Modification time never checked.
#  File has not been updated.

main_dfa_simulator: main_dfa_simulator.o alphabet.o chain.o dfa.o set_status.o symbol.o trans_func.o
#  Implicit rule search has not been done.
#  Modification time never checked.
#  File has not been updated.
#  recipe to execute (from 'Makefile', line 35):
	$(CC) -o $@ $^ $(CFLAGS)

# Not a target:
.DEFAULT:
#  Implicit rule search has not been done.
#  Modification time never checked.
#  File has not been updated.

# Not a target:
trans_func.o:
#  Implicit rule search has not been done.
#  Modification time never checked.
#  File has not been updated.

clean:
#  Implicit rule search has not been done.
#  Modification time never checked.
#  File has not been updated.
#  recipe to execute (from 'Makefile', line 38):
		rm -rf *.o

# files hash-table stats:
# Load=13/1024=1%, Rehash=0, Collisions=0/30=0%
# VPATH Search Paths

# No 'vpath' search paths.
 

# No general ('VPATH' variable) search path.

# strcache buffers: 1 (0) / strings = 37 / storage = 410 B / avg = 11 B
# current buf: size = 8162 B / used = 410 B / count = 37 / avg = 11 B

# strcache performance: lookups = 50 / hit rate = 26%
# hash-table stats:
# Load=37/8192=0%, Rehash=0, Collisions=2/50=4%
# Finished Make data base on Tue Nov 16 00:29:45 2021

 
